Grammar

    0 $accept: start $end

    1 start: statements

    2 statements: statements statement
    3           | ε

    4 statement: expression-statement
    5          | variable-declaration
    6          | print_statement
    7          | assignment-statement

    8 expression-statement: expression ";"

    9 variable-declaration: "let" IDENTIFIER "=" expression ";"
   10                     | "let" IDENTIFIER ":" type "=" expression ";"
   11                     | "let" IDENTIFIER ":" type ";"

   12 type: "int8_t"
   13     | "int16_t"
   14     | "int32_t"
   15     | "int64_t"
   16     | "float32_t"
   17     | "float64_t"

   18 print_statement: "print" "(" expression-list ")" ";"

   19 expression-list: expression-list "," expression
   20                | expression

   21 assignment-statement: IDENTIFIER "=" expression ";"
   22                     | IDENTIFIER "=" expression error

   23 expression: identity_expression
   24           | creation_expression

   25 creation_expression: expression "+" expression
   26                    | expression "-" expression
   27                    | expression "*" expression
   28                    | expression "/" expression
   29                    | expression "//" expression
   30                    | expression "^" expression
   31                    | expression "%" expression

   32 identity_expression: literal
   33                    | IDENTIFIER
   34                    | "(" expression ")"

   35 literal: INTEGER_LITERAL
   36        | FLOAT_LITERAL


Terminals, with rules where they appear

    $end (0) 0
    error (256) 22
    INTEGER_LITERAL <std::string> (258) 35
    FLOAT_LITERAL <std::string> (259) 36
    IDENTIFIER <std::string> (260) 9 10 11 21 22 33
    "+" (261) 25
    "-" (262) 26
    "*" (263) 27
    "/" (264) 28
    "//" (265) 29
    "^" (266) 30
    "%" (267) 31
    "=" (268) 9 10 21 22
    ";" (269) 8 9 10 11 18 21
    "(" (270) 18 34
    ")" (271) 18 34
    "," (272) 19
    ":" (273) 10 11
    "let" (274) 9 10 11
    "print" (275) 18
    "int8_t" (276) 12
    "int16_t" (277) 13
    "int32_t" (278) 14
    "int64_t" (279) 15
    "float32_t" (280) 16
    "float64_t" (281) 17


Nonterminals, with rules where they appear

    $accept (27)
        on left: 0
    start <std::shared_ptr<FermiStatementNode>> (28)
        on left: 1
        on right: 0
    statements <std::vector<std::shared_ptr<StatementNode>>> (29)
        on left: 2 3
        on right: 1 2
    statement <std::shared_ptr<StatementNode>> (30)
        on left: 4 5 6 7
        on right: 2
    expression-statement <std::shared_ptr<ExpressionStatementNode>> (31)
        on left: 8
        on right: 4
    variable-declaration <std::shared_ptr<StatementNode>> (32)
        on left: 9 10 11
        on right: 5
    type <Type> (33)
        on left: 12 13 14 15 16 17
        on right: 10 11
    print_statement <std::shared_ptr<StatementNode>> (34)
        on left: 18
        on right: 6
    expression-list <std::vector<std::shared_ptr<ExpressionNode>>> (35)
        on left: 19 20
        on right: 18 19
    assignment-statement <std::shared_ptr<StatementNode>> (36)
        on left: 21 22
        on right: 7
    expression <std::shared_ptr<ExpressionNode>> (37)
        on left: 23 24
        on right: 8 9 10 19 20 21 22 25 26 27 28 29 30 31 34
    creation_expression <std::shared_ptr<ExpressionNode>> (38)
        on left: 25 26 27 28 29 30 31
        on right: 24
    identity_expression <std::shared_ptr<ExpressionNode>> (39)
        on left: 32 33 34
        on right: 23
    literal <std::shared_ptr<ExpressionNode>> (40)
        on left: 35 36
        on right: 32


State 0

    0 $accept: • start $end

    $default  reduce using rule 3 (statements)

    start       go to state 1
    statements  go to state 2


State 1

    0 $accept: start • $end

    $end  shift, and go to state 3


State 2

    1 start: statements •
    2 statements: statements • statement

    INTEGER_LITERAL  shift, and go to state 4
    FLOAT_LITERAL    shift, and go to state 5
    IDENTIFIER       shift, and go to state 6
    "("              shift, and go to state 7
    "let"            shift, and go to state 8
    "print"          shift, and go to state 9

    $default  reduce using rule 1 (start)

    statement             go to state 10
    expression-statement  go to state 11
    variable-declaration  go to state 12
    print_statement       go to state 13
    assignment-statement  go to state 14
    expression            go to state 15
    creation_expression   go to state 16
    identity_expression   go to state 17
    literal               go to state 18


State 3

    0 $accept: start $end •

    $default  accept


State 4

   35 literal: INTEGER_LITERAL •

    $default  reduce using rule 35 (literal)


State 5

   36 literal: FLOAT_LITERAL •

    $default  reduce using rule 36 (literal)


State 6

   21 assignment-statement: IDENTIFIER • "=" expression ";"
   22                     | IDENTIFIER • "=" expression error
   33 identity_expression: IDENTIFIER •

    "="  shift, and go to state 19

    $default  reduce using rule 33 (identity_expression)


State 7

   34 identity_expression: "(" • expression ")"

    INTEGER_LITERAL  shift, and go to state 4
    FLOAT_LITERAL    shift, and go to state 5
    IDENTIFIER       shift, and go to state 20
    "("              shift, and go to state 7

    expression           go to state 21
    creation_expression  go to state 16
    identity_expression  go to state 17
    literal              go to state 18


State 8

    9 variable-declaration: "let" • IDENTIFIER "=" expression ";"
   10                     | "let" • IDENTIFIER ":" type "=" expression ";"
   11                     | "let" • IDENTIFIER ":" type ";"

    IDENTIFIER  shift, and go to state 22


State 9

   18 print_statement: "print" • "(" expression-list ")" ";"

    "("  shift, and go to state 23


State 10

    2 statements: statements statement •

    $default  reduce using rule 2 (statements)


State 11

    4 statement: expression-statement •

    $default  reduce using rule 4 (statement)


State 12

    5 statement: variable-declaration •

    $default  reduce using rule 5 (statement)


State 13

    6 statement: print_statement •

    $default  reduce using rule 6 (statement)


State 14

    7 statement: assignment-statement •

    $default  reduce using rule 7 (statement)


State 15

    8 expression-statement: expression • ";"
   25 creation_expression: expression • "+" expression
   26                    | expression • "-" expression
   27                    | expression • "*" expression
   28                    | expression • "/" expression
   29                    | expression • "//" expression
   30                    | expression • "^" expression
   31                    | expression • "%" expression

    "+"   shift, and go to state 24
    "-"   shift, and go to state 25
    "*"   shift, and go to state 26
    "/"   shift, and go to state 27
    "//"  shift, and go to state 28
    "^"   shift, and go to state 29
    "%"   shift, and go to state 30
    ";"   shift, and go to state 31


State 16

   24 expression: creation_expression •

    $default  reduce using rule 24 (expression)


State 17

   23 expression: identity_expression •

    $default  reduce using rule 23 (expression)


State 18

   32 identity_expression: literal •

    $default  reduce using rule 32 (identity_expression)


State 19

   21 assignment-statement: IDENTIFIER "=" • expression ";"
   22                     | IDENTIFIER "=" • expression error

    INTEGER_LITERAL  shift, and go to state 4
    FLOAT_LITERAL    shift, and go to state 5
    IDENTIFIER       shift, and go to state 20
    "("              shift, and go to state 7

    expression           go to state 32
    creation_expression  go to state 16
    identity_expression  go to state 17
    literal              go to state 18


State 20

   33 identity_expression: IDENTIFIER •

    $default  reduce using rule 33 (identity_expression)


State 21

   25 creation_expression: expression • "+" expression
   26                    | expression • "-" expression
   27                    | expression • "*" expression
   28                    | expression • "/" expression
   29                    | expression • "//" expression
   30                    | expression • "^" expression
   31                    | expression • "%" expression
   34 identity_expression: "(" expression • ")"

    "+"   shift, and go to state 24
    "-"   shift, and go to state 25
    "*"   shift, and go to state 26
    "/"   shift, and go to state 27
    "//"  shift, and go to state 28
    "^"   shift, and go to state 29
    "%"   shift, and go to state 30
    ")"   shift, and go to state 33


State 22

    9 variable-declaration: "let" IDENTIFIER • "=" expression ";"
   10                     | "let" IDENTIFIER • ":" type "=" expression ";"
   11                     | "let" IDENTIFIER • ":" type ";"

    "="  shift, and go to state 34
    ":"  shift, and go to state 35


State 23

   18 print_statement: "print" "(" • expression-list ")" ";"

    INTEGER_LITERAL  shift, and go to state 4
    FLOAT_LITERAL    shift, and go to state 5
    IDENTIFIER       shift, and go to state 20
    "("              shift, and go to state 7

    expression-list      go to state 36
    expression           go to state 37
    creation_expression  go to state 16
    identity_expression  go to state 17
    literal              go to state 18


State 24

   25 creation_expression: expression "+" • expression

    INTEGER_LITERAL  shift, and go to state 4
    FLOAT_LITERAL    shift, and go to state 5
    IDENTIFIER       shift, and go to state 20
    "("              shift, and go to state 7

    expression           go to state 38
    creation_expression  go to state 16
    identity_expression  go to state 17
    literal              go to state 18


State 25

   26 creation_expression: expression "-" • expression

    INTEGER_LITERAL  shift, and go to state 4
    FLOAT_LITERAL    shift, and go to state 5
    IDENTIFIER       shift, and go to state 20
    "("              shift, and go to state 7

    expression           go to state 39
    creation_expression  go to state 16
    identity_expression  go to state 17
    literal              go to state 18


State 26

   27 creation_expression: expression "*" • expression

    INTEGER_LITERAL  shift, and go to state 4
    FLOAT_LITERAL    shift, and go to state 5
    IDENTIFIER       shift, and go to state 20
    "("              shift, and go to state 7

    expression           go to state 40
    creation_expression  go to state 16
    identity_expression  go to state 17
    literal              go to state 18


State 27

   28 creation_expression: expression "/" • expression

    INTEGER_LITERAL  shift, and go to state 4
    FLOAT_LITERAL    shift, and go to state 5
    IDENTIFIER       shift, and go to state 20
    "("              shift, and go to state 7

    expression           go to state 41
    creation_expression  go to state 16
    identity_expression  go to state 17
    literal              go to state 18


State 28

   29 creation_expression: expression "//" • expression

    INTEGER_LITERAL  shift, and go to state 4
    FLOAT_LITERAL    shift, and go to state 5
    IDENTIFIER       shift, and go to state 20
    "("              shift, and go to state 7

    expression           go to state 42
    creation_expression  go to state 16
    identity_expression  go to state 17
    literal              go to state 18


State 29

   30 creation_expression: expression "^" • expression

    INTEGER_LITERAL  shift, and go to state 4
    FLOAT_LITERAL    shift, and go to state 5
    IDENTIFIER       shift, and go to state 20
    "("              shift, and go to state 7

    expression           go to state 43
    creation_expression  go to state 16
    identity_expression  go to state 17
    literal              go to state 18


State 30

   31 creation_expression: expression "%" • expression

    INTEGER_LITERAL  shift, and go to state 4
    FLOAT_LITERAL    shift, and go to state 5
    IDENTIFIER       shift, and go to state 20
    "("              shift, and go to state 7

    expression           go to state 44
    creation_expression  go to state 16
    identity_expression  go to state 17
    literal              go to state 18


State 31

    8 expression-statement: expression ";" •

    $default  reduce using rule 8 (expression-statement)


State 32

   21 assignment-statement: IDENTIFIER "=" expression • ";"
   22                     | IDENTIFIER "=" expression • error
   25 creation_expression: expression • "+" expression
   26                    | expression • "-" expression
   27                    | expression • "*" expression
   28                    | expression • "/" expression
   29                    | expression • "//" expression
   30                    | expression • "^" expression
   31                    | expression • "%" expression

    error  shift, and go to state 45
    "+"    shift, and go to state 24
    "-"    shift, and go to state 25
    "*"    shift, and go to state 26
    "/"    shift, and go to state 27
    "//"   shift, and go to state 28
    "^"    shift, and go to state 29
    "%"    shift, and go to state 30
    ";"    shift, and go to state 46


State 33

   34 identity_expression: "(" expression ")" •

    $default  reduce using rule 34 (identity_expression)


State 34

    9 variable-declaration: "let" IDENTIFIER "=" • expression ";"

    INTEGER_LITERAL  shift, and go to state 4
    FLOAT_LITERAL    shift, and go to state 5
    IDENTIFIER       shift, and go to state 20
    "("              shift, and go to state 7

    expression           go to state 47
    creation_expression  go to state 16
    identity_expression  go to state 17
    literal              go to state 18


State 35

   10 variable-declaration: "let" IDENTIFIER ":" • type "=" expression ";"
   11                     | "let" IDENTIFIER ":" • type ";"

    "int8_t"     shift, and go to state 48
    "int16_t"    shift, and go to state 49
    "int32_t"    shift, and go to state 50
    "int64_t"    shift, and go to state 51
    "float32_t"  shift, and go to state 52
    "float64_t"  shift, and go to state 53

    type  go to state 54


State 36

   18 print_statement: "print" "(" expression-list • ")" ";"
   19 expression-list: expression-list • "," expression

    ")"  shift, and go to state 55
    ","  shift, and go to state 56


State 37

   20 expression-list: expression •
   25 creation_expression: expression • "+" expression
   26                    | expression • "-" expression
   27                    | expression • "*" expression
   28                    | expression • "/" expression
   29                    | expression • "//" expression
   30                    | expression • "^" expression
   31                    | expression • "%" expression

    "+"   shift, and go to state 24
    "-"   shift, and go to state 25
    "*"   shift, and go to state 26
    "/"   shift, and go to state 27
    "//"  shift, and go to state 28
    "^"   shift, and go to state 29
    "%"   shift, and go to state 30

    $default  reduce using rule 20 (expression-list)


State 38

   25 creation_expression: expression • "+" expression
   25                    | expression "+" expression •
   26                    | expression • "-" expression
   27                    | expression • "*" expression
   28                    | expression • "/" expression
   29                    | expression • "//" expression
   30                    | expression • "^" expression
   31                    | expression • "%" expression

    "*"   shift, and go to state 26
    "/"   shift, and go to state 27
    "//"  shift, and go to state 28
    "^"   shift, and go to state 29
    "%"   shift, and go to state 30

    $default  reduce using rule 25 (creation_expression)


State 39

   25 creation_expression: expression • "+" expression
   26                    | expression • "-" expression
   26                    | expression "-" expression •
   27                    | expression • "*" expression
   28                    | expression • "/" expression
   29                    | expression • "//" expression
   30                    | expression • "^" expression
   31                    | expression • "%" expression

    "*"   shift, and go to state 26
    "/"   shift, and go to state 27
    "//"  shift, and go to state 28
    "^"   shift, and go to state 29
    "%"   shift, and go to state 30

    $default  reduce using rule 26 (creation_expression)


State 40

   25 creation_expression: expression • "+" expression
   26                    | expression • "-" expression
   27                    | expression • "*" expression
   27                    | expression "*" expression •
   28                    | expression • "/" expression
   29                    | expression • "//" expression
   30                    | expression • "^" expression
   31                    | expression • "%" expression

    "^"  shift, and go to state 29

    $default  reduce using rule 27 (creation_expression)


State 41

   25 creation_expression: expression • "+" expression
   26                    | expression • "-" expression
   27                    | expression • "*" expression
   28                    | expression • "/" expression
   28                    | expression "/" expression •
   29                    | expression • "//" expression
   30                    | expression • "^" expression
   31                    | expression • "%" expression

    "^"  shift, and go to state 29

    $default  reduce using rule 28 (creation_expression)


State 42

   25 creation_expression: expression • "+" expression
   26                    | expression • "-" expression
   27                    | expression • "*" expression
   28                    | expression • "/" expression
   29                    | expression • "//" expression
   29                    | expression "//" expression •
   30                    | expression • "^" expression
   31                    | expression • "%" expression

    "^"  shift, and go to state 29

    $default  reduce using rule 29 (creation_expression)


State 43

   25 creation_expression: expression • "+" expression
   26                    | expression • "-" expression
   27                    | expression • "*" expression
   28                    | expression • "/" expression
   29                    | expression • "//" expression
   30                    | expression • "^" expression
   30                    | expression "^" expression •
   31                    | expression • "%" expression

    "^"  shift, and go to state 29

    $default  reduce using rule 30 (creation_expression)


State 44

   25 creation_expression: expression • "+" expression
   26                    | expression • "-" expression
   27                    | expression • "*" expression
   28                    | expression • "/" expression
   29                    | expression • "//" expression
   30                    | expression • "^" expression
   31                    | expression • "%" expression
   31                    | expression "%" expression •

    "^"  shift, and go to state 29

    $default  reduce using rule 31 (creation_expression)


State 45

   22 assignment-statement: IDENTIFIER "=" expression error •

    $default  reduce using rule 22 (assignment-statement)


State 46

   21 assignment-statement: IDENTIFIER "=" expression ";" •

    $default  reduce using rule 21 (assignment-statement)


State 47

    9 variable-declaration: "let" IDENTIFIER "=" expression • ";"
   25 creation_expression: expression • "+" expression
   26                    | expression • "-" expression
   27                    | expression • "*" expression
   28                    | expression • "/" expression
   29                    | expression • "//" expression
   30                    | expression • "^" expression
   31                    | expression • "%" expression

    "+"   shift, and go to state 24
    "-"   shift, and go to state 25
    "*"   shift, and go to state 26
    "/"   shift, and go to state 27
    "//"  shift, and go to state 28
    "^"   shift, and go to state 29
    "%"   shift, and go to state 30
    ";"   shift, and go to state 57


State 48

   12 type: "int8_t" •

    $default  reduce using rule 12 (type)


State 49

   13 type: "int16_t" •

    $default  reduce using rule 13 (type)


State 50

   14 type: "int32_t" •

    $default  reduce using rule 14 (type)


State 51

   15 type: "int64_t" •

    $default  reduce using rule 15 (type)


State 52

   16 type: "float32_t" •

    $default  reduce using rule 16 (type)


State 53

   17 type: "float64_t" •

    $default  reduce using rule 17 (type)


State 54

   10 variable-declaration: "let" IDENTIFIER ":" type • "=" expression ";"
   11                     | "let" IDENTIFIER ":" type • ";"

    "="  shift, and go to state 58
    ";"  shift, and go to state 59


State 55

   18 print_statement: "print" "(" expression-list ")" • ";"

    ";"  shift, and go to state 60


State 56

   19 expression-list: expression-list "," • expression

    INTEGER_LITERAL  shift, and go to state 4
    FLOAT_LITERAL    shift, and go to state 5
    IDENTIFIER       shift, and go to state 20
    "("              shift, and go to state 7

    expression           go to state 61
    creation_expression  go to state 16
    identity_expression  go to state 17
    literal              go to state 18


State 57

    9 variable-declaration: "let" IDENTIFIER "=" expression ";" •

    $default  reduce using rule 9 (variable-declaration)


State 58

   10 variable-declaration: "let" IDENTIFIER ":" type "=" • expression ";"

    INTEGER_LITERAL  shift, and go to state 4
    FLOAT_LITERAL    shift, and go to state 5
    IDENTIFIER       shift, and go to state 20
    "("              shift, and go to state 7

    expression           go to state 62
    creation_expression  go to state 16
    identity_expression  go to state 17
    literal              go to state 18


State 59

   11 variable-declaration: "let" IDENTIFIER ":" type ";" •

    $default  reduce using rule 11 (variable-declaration)


State 60

   18 print_statement: "print" "(" expression-list ")" ";" •

    $default  reduce using rule 18 (print_statement)


State 61

   19 expression-list: expression-list "," expression •
   25 creation_expression: expression • "+" expression
   26                    | expression • "-" expression
   27                    | expression • "*" expression
   28                    | expression • "/" expression
   29                    | expression • "//" expression
   30                    | expression • "^" expression
   31                    | expression • "%" expression

    "+"   shift, and go to state 24
    "-"   shift, and go to state 25
    "*"   shift, and go to state 26
    "/"   shift, and go to state 27
    "//"  shift, and go to state 28
    "^"   shift, and go to state 29
    "%"   shift, and go to state 30

    $default  reduce using rule 19 (expression-list)


State 62

   10 variable-declaration: "let" IDENTIFIER ":" type "=" expression • ";"
   25 creation_expression: expression • "+" expression
   26                    | expression • "-" expression
   27                    | expression • "*" expression
   28                    | expression • "/" expression
   29                    | expression • "//" expression
   30                    | expression • "^" expression
   31                    | expression • "%" expression

    "+"   shift, and go to state 24
    "-"   shift, and go to state 25
    "*"   shift, and go to state 26
    "/"   shift, and go to state 27
    "//"  shift, and go to state 28
    "^"   shift, and go to state 29
    "%"   shift, and go to state 30
    ";"   shift, and go to state 63


State 63

   10 variable-declaration: "let" IDENTIFIER ":" type "=" expression ";" •

    $default  reduce using rule 10 (variable-declaration)
